<?xml version="1.0" encoding="UTF-8"?>
<!-- Generated by org.testng.reporters.JUnitReportReporter -->
<testsuite hostname="macmini.local" failures="0" tests="2" name="Demo.FirstClass" time="0.004" errors="0" timestamp="2022-11-14T13:49:54 CST" skipped="0">
  <testcase classname="Demo.FirstClass" name="FirstTest" time="0.003"/>
  <system-out/>
  <testcase classname="Demo.FirstClass" name="SecondTest" time="0.001"/>
  <system-out/>
</testsuite> <!-- Demo.FirstClass -->
